The following values were not passed to `accelerate launch` and had defaults used instead:
		More than one GPU was found, enabling multi-GPU training.
		If this was unintended please pass in `--num_processes=1`.
	`--num_machines` was set to a value of `1`
	`--mixed_precision` was set to a value of `'no'`
	`--dynamo_backend` was set to a value of `'no'`
To avoid this warning pass in values for each of the problematic parameters or run `accelerate config`.
wandb: Using wandb-core as the SDK backend.  Please refer to https://wandb.me/wandb-core for more information.

Loading pipeline components...:   0%|          | 0/9 [00:00<?, ?it/s]wandb: Tracking run with wandb version 0.18.7
wandb: W&B syncing is set to `offline` in this directory.  
wandb: Run `wandb online` or set WANDB_MODE=online to enable cloud syncing.

Loading pipeline components...:   0%|          | 0/9 [00:00<?, ?it/s]I0718 13:54:47.751768 140470768702080 train_sd3_fiber_grpo.py:436] 
activation_checkpointing: false
allow_tf32: true
dataset: /mnt/volumes/base-ov-ali-sh-mix/wangchenfeng/projects/diffusion/6-trial/flow_grpo_fiber_integrated/dataset/geneval
debug: false
eval_freq: 10
fiber:
  beta: 0.6
  beta_decay: 0.7
  cosine_stop: 0.995
  early_stop_eps: 0.0
  enable: false
  eval_enable: false
  orthogonalize: true
  refine_iters: 4
  retract: true
  sampling_step_reduction: 4
  timestep: 1000.0
  use_base_teacher: true
fsdp_optimizer_offload: false
logdir: logs
mixed_precision: fp16
num_checkpoint_limit: 5
num_epochs: 100000
per_prompt_stat_tracking: true
pretrained:
  model: /lpai/dataset/wangchenfeng-data-2/26-07-08-1/wangchenfeng/model/diffusion/stabilityai__stable-diffusion-3_5-medium
  revision: main
prompt_fn: geneval
prompt_fn_kwargs: {}
resolution: 512
resume_from: ''
reward_fn:
  geneval: 1.0
run_name: flow_grpo_geneval_sd3_h200_nft_matched_2026.07.18_13.54.45
sample:
  batch_size: 8
  eval_guidance_scale: 4.5
  eval_num_steps: 40
  global_std: true
  guidance_scale: 4.5
  noise_level: 0.7
  num_batches_per_epoch: 6
  num_image_per_prompt: 24
  num_steps: 10
  same_latent: false
  sde_window_range: !!python/tuple
  - 0
  - 10
  sde_window_size: 2
  test_batch_size: 14
  train_batch_size: 24
save_dir: logs/geneval/sd3.5-M-flow-grpo-h200-nft-matched
save_freq: 10
seed: 42
train:
  adam_beta1: 0.9
  adam_beta2: 0.999
  adam_epsilon: 1.0e-08
  adam_weight_decay: 0.0001
  adv_clip_max: 5
  batch_size: 24
  beta: 0.0001
  cfg: true
  clip_range: 0.0001
  clip_range_gt: 0.0001
  clip_range_lt: 0.0001
  ema: true
  gradient_accumulation_steps: 6
  learning_rate: 0.0003
  lora_path: null
  max_grad_norm: 1.0
  num_inner_epochs: 1
  timestep_fraction: 0.99
  timestep_shift: 3.0
  use_8bit_adam: false
use_lora: true

Loading pipeline components...:   0%|          | 0/9 [00:00<?, ?it/s]
Loading pipeline components...:   0%|          | 0/9 [00:00<?, ?it/s]
Loading pipeline components...:   0%|          | 0/9 [00:00<?, ?it/s]
Loading pipeline components...:   0%|          | 0/9 [00:00<?, ?it/s]
Loading pipeline components...:  11%|█         | 1/9 [00:00<00:04,  1.87it/s]

Loading pipeline components...:   0%|          | 0/9 [00:00<?, ?it/s]You set `add_prefix_space`. The tokenizer needs to be converted from the slow tokenizers
You set `add_prefix_space`. The tokenizer needs to be converted from the slow tokenizers

Loading pipeline components...:   0%|          | 0/9 [00:00<?, ?it/s]
Loading pipeline components...:  11%|█         | 1/9 [00:00<00:04,  1.89it/s]
Loading pipeline components...:  11%|█         | 1/9 [00:00<00:03,  2.58it/s]
Loading pipeline components...:  11%|█         | 1/9 [00:00<00:02,  2.69it/s]
Loading pipeline components...:  11%|█         | 1/9 [00:00<00:06,  1.18it/s]
Loading pipeline components...:  22%|██▏       | 2/9 [00:00<00:03,  2.13it/s]
Loading pipeline components...:  33%|███▎      | 3/9 [00:01<00:02,  2.41it/s]
Loading pipeline components...:  22%|██▏       | 2/9 [00:01<00:04,  1.71it/s]
Loading pipeline components...:  33%|███▎      | 3/9 [00:01<00:02,  2.52it/s]
Loading pipeline components...:  11%|█         | 1/9 [00:03<00:27,  3.39s/it]
Loading pipeline components...:  22%|██▏       | 2/9 [00:04<00:16,  2.36s/it]
Loading pipeline components...:  22%|██▏       | 2/9 [00:03<00:11,  1.60s/it]
Loading pipeline components...:  33%|███▎      | 3/9 [00:04<00:09,  1.51s/it]
Loading pipeline components...:  33%|███▎      | 3/9 [00:04<00:06,  1.09s/it]

Loading pipeline components...:  44%|████▍     | 4/9 [00:04<00:04,  1.06it/s]
Loading pipeline components...:  56%|█████▌    | 5/9 [00:05<00:03,  1.31it/s]
Loading pipeline components...:  22%|██▏       | 2/9 [00:05<00:23,  3.36s/it]

Loading pipeline components...:  33%|███▎      | 3/9 [00:06<00:12,  2.14s/it]
Loading pipeline components...:  44%|████▍     | 4/9 [00:06<00:11,  2.32s/it]

Loading pipeline components...:  44%|████▍     | 4/9 [00:06<00:07,  1.44s/it]
Loading pipeline components...:  56%|█████▌    | 5/9 [00:06<00:06,  1.60s/it]

Loading checkpoint shards: 100%|██████████| 2/2 [00:11<00:00,  5.75s/it]

Loading pipeline components...:  11%|█         | 1/9 [00:11<01:34, 11.87s/it]
Loading pipeline components...:  11%|█         | 1/9 [00:11<01:31, 11.46s/it]
Loading pipeline components...:  22%|██▏       | 2/9 [00:11<00:47,  6.75s/it]

Loading pipeline components...:  33%|███▎      | 3/9 [00:12<00:22,  3.83s/it]
Loading pipeline components...:  22%|██▏       | 2/9 [00:12<00:35,  5.12s/it]You set `add_prefix_space`. The tokenizer needs to be converted from the slow tokenizers

Loading pipeline components...:  22%|██▏       | 2/9 [00:12<00:36,  5.16s/it]
Loading pipeline components...:  56%|█████▌    | 5/9 [00:12<00:07,  1.78s/it]
Loading pipeline components...:  67%|██████▋   | 6/9 [00:12<00:04,  1.35s/it]
Loading pipeline components...:  33%|███▎      | 3/9 [00:13<00:18,  3.14s/it]
Loading pipeline components...:  33%|███▎      | 3/9 [00:12<00:17,  2.99s/it]
Loading pipeline components...:  44%|████▍     | 4/9 [00:12<00:09,  1.94s/it]

Loading pipeline components...:  78%|███████▊  | 7/9 [00:15<00:03,  1.63s/it]

Loading pipeline components...:  56%|█████▌    | 5/9 [00:17<00:18,  4.71s/it]
Loading pipeline components...:  44%|████▍     | 4/9 [00:17<00:32,  6.45s/it]

Loading pipeline components...:  67%|██████▋   | 6/9 [00:17<00:09,  3.25s/it]

Loading checkpoint shards: 100%|██████████| 2/2 [00:11<00:00,  5.99s/it]

Loading pipeline components...:  67%|██████▋   | 6/9 [00:17<00:13,  4.67s/it]You set `add_prefix_space`. The tokenizer needs to be converted from the slow tokenizers

Loading pipeline components...:  78%|███████▊  | 7/9 [00:17<00:06,  3.25s/it]

Loading checkpoint shards: 100%|██████████| 2/2 [00:14<00:00,  7.19s/it]

Loading pipeline components...:  44%|████▍     | 4/9 [00:19<00:33,  6.71s/it]
Loading pipeline components...:  56%|█████▌    | 5/9 [00:19<00:18,  4.51s/it]

Loading pipeline components...:  44%|████▍     | 4/9 [00:23<00:30,  6.02s/it]

Loading checkpoint shards: 100%|██████████| 2/2 [00:11<00:00,  5.98s/it]

Loading pipeline components...:  56%|█████▌    | 5/9 [00:25<00:22,  5.64s/it]You set `add_prefix_space`. The tokenizer needs to be converted from the slow tokenizers

Loading pipeline components...:  67%|██████▋   | 6/9 [00:25<00:10,  3.47s/it]
Loading pipeline components...:  67%|██████▋   | 6/9 [00:25<00:11,  3.83s/it]

Loading checkpoint shards: 100%|██████████| 2/2 [00:18<00:00,  9.35s/it]

Loading pipeline components...:  67%|██████▋   | 6/9 [00:25<00:22,  7.50s/it]You set `add_prefix_space`. The tokenizer needs to be converted from the slow tokenizers

Loading pipeline components...:  78%|███████▊  | 7/9 [00:26<00:05,  2.60s/it]
Loading pipeline components...:  89%|████████▉ | 8/9 [00:25<00:02,  2.04s/it]
Loading pipeline components...:  89%|████████▉ | 8/9 [00:26<00:01,  1.96s/it]
Loading pipeline components...:  78%|███████▊  | 7/9 [00:26<00:10,  5.26s/it]

Loading pipeline components...: 100%|██████████| 9/9 [00:26<00:00,  1.48s/it]
Loading pipeline components...: 100%|██████████| 9/9 [00:26<00:00,  2.98s/it]

Loading pipeline components...: 100%|██████████| 9/9 [00:28<00:00,  2.09s/it]
Loading pipeline components...: 100%|██████████| 9/9 [00:28<00:00,  3.12s/it]

Loading pipeline components...:  89%|████████▉ | 8/9 [00:28<00:05,  5.48s/it]
Loading pipeline components...: 100%|██████████| 9/9 [00:28<00:00,  3.15s/it]

Loading pipeline components...:  78%|███████▊  | 7/9 [00:29<00:09,  4.77s/it]You set `add_prefix_space`. The tokenizer needs to be converted from the slow tokenizers

Loading pipeline components...:  89%|████████▉ | 8/9 [00:30<00:03,  3.59s/it]
Loading pipeline components...: 100%|██████████| 9/9 [00:30<00:00,  2.69s/it]
Loading pipeline components...: 100%|██████████| 9/9 [00:30<00:00,  3.41s/it]

Loading checkpoint shards: 100%|██████████| 2/2 [00:15<00:00,  8.00s/it]

Loading pipeline components...:  89%|████████▉ | 8/9 [00:31<00:05,  5.94s/it]

Loading checkpoint shards: 100%|██████████| 2/2 [00:13<00:00,  6.99s/it]

Loading pipeline components...:  56%|█████▌    | 5/9 [00:31<00:37,  9.26s/it]
Loading pipeline components...: 100%|██████████| 9/9 [00:31<00:00,  4.30s/it]
Loading pipeline components...: 100%|██████████| 9/9 [00:31<00:00,  3.53s/it]

Loading pipeline components...:  67%|██████▋   | 6/9 [00:33<00:20,  6.86s/it]
Loading pipeline components...:  78%|███████▊  | 7/9 [00:33<00:09,  4.72s/it]
Loading pipeline components...:  89%|████████▉ | 8/9 [00:34<00:03,  3.35s/it]You set `add_prefix_space`. The tokenizer needs to be converted from the slow tokenizers

Loading pipeline components...: 100%|██████████| 9/9 [00:34<00:00,  2.41s/it]
Loading pipeline components...: 100%|██████████| 9/9 [00:34<00:00,  3.84s/it]

Loading pipeline components...: 100%|██████████| 9/9 [00:36<00:00,  5.06s/it]
Loading pipeline components...: 100%|██████████| 9/9 [00:36<00:00,  4.01s/it]

Loading checkpoint shards: 100%|██████████| 2/2 [00:18<00:00,  9.19s/it]

Loading pipeline components...:  78%|███████▊  | 7/9 [00:36<00:16,  8.28s/it]
Loading pipeline components...: 100%|██████████| 9/9 [00:36<00:00,  4.38s/it]
Loading pipeline components...: 100%|██████████| 9/9 [00:36<00:00,  4.10s/it]
I0718 13:55:45.464467 140470768702080 train_sd3_fiber_grpo.py:666] ***** Running training *****
I0718 13:55:45.464776 140470768702080 train_sd3_fiber_grpo.py:667]   Sample batch size per device = 24
I0718 13:55:45.464874 140470768702080 train_sd3_fiber_grpo.py:668]   Train batch size per device = 24
I0718 13:55:45.464948 140470768702080 train_sd3_fiber_grpo.py:669]   Gradient Accumulation steps = 6
I0718 13:55:45.465013 140470768702080 train_sd3_fiber_grpo.py:672] 
I0718 13:55:45.465080 140470768702080 train_sd3_fiber_grpo.py:673]   Total number of samples per epoch = 1152
I0718 13:55:45.465142 140470768702080 train_sd3_fiber_grpo.py:674]   Total train batch size (w. parallel, distributed & accumulation) = 1152
I0718 13:55:45.465200 140470768702080 train_sd3_fiber_grpo.py:677]   Number of gradient updates per inner epoch = 1
I0718 13:55:45.465257 140470768702080 train_sd3_fiber_grpo.py:680]   Number of inner epochs = 1

Epoch 0: sampling:   0%|          | 0/6 [00:00<?, ?it/s]huggingface/tokenizers: The current process just got forked, after parallelism has already been used. Disabling parallelism to avoid deadlocks...
To disable this warning, you can either:
	- Avoid using `tokenizers` before the fork if possible
	- Explicitly set the environment variable TOKENIZERS_PARALLELISM=(true | false)
huggingface/tokenizers: The current process just got forked, after parallelism has already been used. Disabling parallelism to avoid deadlocks...
To disable this warning, you can either:
	- Avoid using `tokenizers` before the fork if possible
	- Explicitly set the environment variable TOKENIZERS_PARALLELISM=(true | false)
huggingface/tokenizers: The current process just got forked, after parallelism has already been used. Disabling parallelism to avoid deadlocks...
To disable this warning, you can either:
	- Avoid using `tokenizers` before the fork if possible
	- Explicitly set the environment variable TOKENIZERS_PARALLELISM=(true | false)
huggingface/tokenizers: The current process just got forked, after parallelism has already been used. Disabling parallelism to avoid deadlocks...
To disable this warning, you can either:
	- Avoid using `tokenizers` before the fork if possible
	- Explicitly set the environment variable TOKENIZERS_PARALLELISM=(true | false)
huggingface/tokenizers: The current process just got forked, after parallelism has already been used. Disabling parallelism to avoid deadlocks...
To disable this warning, you can either:
	- Avoid using `tokenizers` before the fork if possible
	- Explicitly set the environment variable TOKENIZERS_PARALLELISM=(true | false)
huggingface/tokenizers: The current process just got forked, after parallelism has already been used. Disabling parallelism to avoid deadlocks...
To disable this warning, you can either:
	- Avoid using `tokenizers` before the fork if possible
	- Explicitly set the environment variable TOKENIZERS_PARALLELISM=(true | false)
huggingface/tokenizers: The current process just got forked, after parallelism has already been used. Disabling parallelism to avoid deadlocks...
To disable this warning, you can either:
	- Avoid using `tokenizers` before the fork if possible
	- Explicitly set the environment variable TOKENIZERS_PARALLELISM=(true | false)
huggingface/tokenizers: The current process just got forked, after parallelism has already been used. Disabling parallelism to avoid deadlocks...
To disable this warning, you can either:
	- Avoid using `tokenizers` before the fork if possible
	- Explicitly set the environment variable TOKENIZERS_PARALLELISM=(true | false)

Epoch 0: sampling:  17%|█▋        | 1/6 [00:07<00:37,  7.58s/it]

Epoch 0: sampling:  33%|███▎      | 2/6 [00:14<00:29,  7.29s/it]

Epoch 0: sampling:  50%|█████     | 3/6 [00:22<00:22,  7.38s/it]

Epoch 0: sampling:  67%|██████▋   | 4/6 [00:29<00:14,  7.44s/it]

Epoch 0: sampling:  83%|████████▎ | 5/6 [00:37<00:07,  7.48s/it]

Epoch 0: sampling: 100%|██████████| 6/6 [00:44<00:00,  7.50s/it]
Epoch 0: sampling: 100%|██████████| 6/6 [00:44<00:00,  7.47s/it]

Waiting for rewards:   0%|          | 0/6 [00:00<?, ?it/s]
Waiting for rewards:  17%|█▋        | 1/6 [00:22<01:54, 22.99s/it]
Waiting for rewards:  33%|███▎      | 2/6 [00:59<02:03, 30.93s/it]
Waiting for rewards:  50%|█████     | 3/6 [01:31<01:34, 31.46s/it]
Waiting for rewards:  67%|██████▋   | 4/6 [02:03<01:03, 31.84s/it]
Waiting for rewards:  83%|████████▎ | 5/6 [02:36<00:32, 32.04s/it]
Waiting for rewards: 100%|██████████| 6/6 [03:09<00:00, 32.34s/it]
Waiting for rewards: 100%|██████████| 6/6 [03:09<00:00, 31.55s/it]

Epoch 0.0: training:   0%|          | 0/6 [00:00<?, ?it/s]

Epoch 0.0: training:  17%|█▋        | 1/6 [00:16<01:23, 16.78s/it]

Epoch 0.0: training:  33%|███▎      | 2/6 [00:31<01:02, 15.65s/it]

Epoch 0.0: training:  50%|█████     | 3/6 [00:46<00:45, 15.29s/it]

Epoch 0.0: training:  67%|██████▋   | 4/6 [01:01<00:30, 15.12s/it]

Epoch 0.0: training:  83%|████████▎ | 5/6 [01:16<00:15, 15.03s/it]

Epoch 0.0: training: 100%|██████████| 6/6 [01:40<00:00, 18.11s/it]
Epoch 0.0: training: 100%|██████████| 6/6 [01:40<00:00, 16.72s/it]

Epoch 1: sampling:   0%|          | 0/6 [00:00<?, ?it/s]

Epoch 1: sampling:  17%|█▋        | 1/6 [00:05<00:29,  5.85s/it]

Epoch 1: sampling:  33%|███▎      | 2/6 [00:13<00:27,  6.82s/it]

Epoch 1: sampling:  50%|█████     | 3/6 [00:20<00:21,  7.18s/it]

Epoch 1: sampling:  67%|██████▋   | 4/6 [00:28<00:14,  7.34s/it]

Epoch 1: sampling:  83%|████████▎ | 5/6 [00:36<00:07,  7.42s/it]

Epoch 1: sampling: 100%|██████████| 6/6 [00:43<00:00,  7.47s/it]
Epoch 1: sampling: 100%|██████████| 6/6 [00:43<00:00,  7.28s/it]

Waiting for rewards:   0%|          | 0/6 [00:00<?, ?it/s]
Waiting for rewards:  17%|█▋        | 1/6 [00:06<00:33,  6.74s/it]